1691793906469:help
1691793918590:register Denis
1691793935007:save Spotify admin 1234
1691793944766:save Spotify fer 123
1691793954444:password -s Spotify
1691793989626:stacktrace
1691794034299:register Denis
1691794040585:save Spotify dfgkdfjg dfkgjdkfgj
1691794047363:save Spotify sfjskdfj sjdkfjsdfkj
1691794054356:password -s Spotify
1691794163671:register denis
1691794171276:save Spotify login pas
1691794180276:save Spotify admin 1234
1691794187369:password -s Spotify
1691794231248:register denis
1691794240085:save Spotify admin 12345
1691794246829:save Spotify admin 12312301923
1691794261441:save Spotify mnhjk 123
1691794269107:password -s Spotify
1691794509390:help
1691839979070:register Denis
1691839985453:save Spotify admin 1234
1691839991443:password -s Spotify
1691840016661:save Spotify  admin s
1691840028016:save Spotify hut  s
1691840444364:register Denis
1691840448798:password -a
1691840456290:save Spotify admin 1234
1691840460159:password -a
1691840464917:exit
1691840479402:help
1693085833843:рудз
1693085835561:help
1693085844288:register Denis
1693085860541:save Spotify admin 12334
1693085924668:password -a
1693085932064:delete -d 1
1693085937518:delete -id 1
1693085941792:password -a
1693085945455:logout
1693086011933:сд
1693086013401:cls
1693086015546:clear
1693086177564:рудз
1693086179178:hel
1693086180482:help
1693087912874:register Denis
1693087920569:save Spotify admin 1233
1693087932223:save DotNet admin 4567
1693087937270:passwrd -a
1693087941989:password -a
1693087949175:delete -a
1693087954146:password -a
1693087958815:logout
1693087960611:delete -a
1693088326792:help
1693088330311:register Denis
1693088339951:save Spotify admin 12345
1693088349758:save Spotify admin 1234
1693088359526:save DenisBorisob 1234
1693088373711:save Spotify Denisborisob 1234
1693088379919:save Fer admin 1234
1693088383321:password -a
1693088390251:delete -s Spotify
1693088394027:password -a
1693088397972:logout
1693088403321:exit
1693088766754:register Denis
1693088773199:save Sporify admin 1234
1693088781613:password Spotify admin
1693088793487:password Sporify admin
1693088798649:logout
1693088799493:exit
1693089152456:register Denis
1693089169059:save spotify amin 1234
1693089190344:help
1693089197457:delete account
1693089361448:register Denis
1693089366564:save Spotigj anibn 1234
1693089370489:delete account
1693089376532:stacktrace
1693089631736:register Denis
1693089638762:save Sptify admin 1234
1693089642266:password -a
1693089645842:delete account
1693089671643:register Denis
1693089676898:save Spotf 1234 123
1693089681508:delete account
1693089687119:stacktrace
1693090027802:register Denis
1693090034657:save Spotify admin 1234
1693090038147:delete account
1693090049126:password -a
1693090083260:register Denis
1693090087630:save Spotify admin 1234
1693090090936:delete account
1693090305171:register Denis
1693090309909:save Spotify admin 124
1693090312553:password -a
1693090315474:delete account
1693090457625:register Denis
1693090464363:save Spotify admin 1234
1693090467298:delete account
1693090501875:register Denis
1693090507102:save Spotify admin 12344
1693090510391:delete account
